2014-12-15 18:48:29,222  INFO io.ucoin.client.core.TestResource - Prepare test class io.ucoin.client.core.service.BlockchainServiceTest
2014-12-15 18:48:29,309 DEBUG io.ucoin.client.core.config.Configuration - Option that won't be saved: [ucoinj.tmp.directory, ucoinj.inceptionYear, ucoinj.salt, ucoinj.cache.directory, ucoinj.version, ucoinj.site.url, ucoinj.i18n.directory, ucoinj.passwd, ucoinj.basedir, ucoinj.data.directory, ucoinj.organizationName]
2014-12-15 18:48:29,325  INFO io.ucoin.client.core.config.Configuration - Application basedir: /tmp/io.ucoin.client.core.service.BlockchainServiceTest/_6369821008920
2014-12-15 18:48:29,326 DEBUG io.ucoin.client.core.TestResource - I18N directory: /tmp/io.ucoin.client.core.service.BlockchainServiceTest/_6369821008920/data/i18n
2014-12-15 18:48:29,327  INFO io.ucoin.client.core.TestResource - Starts i18n with locale [fr] at [/tmp/io.ucoin.client.core.service.BlockchainServiceTest/_6369821008920/data/i18n]
2014-12-15 18:48:29,610 DEBUG io.ucoin.client.core.service.AbstractService - Executing request : GET http://server.e-is.pro:9101/blockchain/parameters HTTP/1.1
2014-12-15 18:48:29,707 DEBUG io.ucoin.client.core.service.AbstractService - Received response : HTTP/1.1 200 OK
2014-12-15 18:48:29,721 DEBUG io.ucoin.client.core.service.AbstractService - response: BlockchainParameter[currency=zeta_brouzouf,c=0.01,dt=302400,ud0=100,sigDelay=5259600,sigValidity=2629800,sigQty=3,sigWoT=5,msValidity=2629800,stepMax=3,medianTimeBlocks=11,avgGenTime=600,dtDiffEval=10,blocksRot=20,percentRot=0.67]
2014-12-15 18:48:29,728 DEBUG io.ucoin.client.core.service.AbstractService - Executing request : GET http://server.e-is.pro:9101/blockchain/block/0 HTTP/1.1
2014-12-15 18:48:29,747 DEBUG io.ucoin.client.core.service.AbstractService - Received response : HTTP/1.1 200 OK
2014-12-15 18:48:29,753 DEBUG io.ucoin.client.core.service.AbstractService - response: BlockchainBlock[version=1,nonce=2125,date=<null>,confirmedDate=<null>,membersCount=4,currency=zeta_brouzouf,issuer=HnFcSms8jzwngtVomTTnzudZx7SHUQY8sVE1y8yBmULk,signature=APdqJHjEMA4dkqPCtpK6749vUBb0LbFl/WAJbCk0rqOmQB7RP+CoJv49KD2vJ6CWBK5l2IaYcuhjG287+IwiDQ==,hash=0009144C51F29979181ABCDDDAC8247DCA38EAB3,parameters=0.01:302400:100:5259600:2629800:3:5:2629800:3:11:600:10:20:0.67,previousHash=<null>,previousIssuer=<null>,dividend=<null>,identities=[io.ucoin.client.core.model.Identity@4b5a5ed1, io.ucoin.client.core.model.Identity@59d016c9, io.ucoin.client.core.model.Identity@3cc2931c, io.ucoin.client.core.model.Identity@20d28811],joiners=[io.ucoin.client.core.model.Member@3967e60c, io.ucoin.client.core.model.Member@60d8c9b7, io.ucoin.client.core.model.Member@48aaecc3, io.ucoin.client.core.model.Member@7c0c77c7]]
2014-12-15 18:48:29,760  INFO io.ucoin.client.core.TestResource - Prepare test class io.ucoin.client.core.service.WotServiceTest
2014-12-15 18:48:29,761 DEBUG io.ucoin.client.core.config.Configuration - Option that won't be saved: [ucoinj.tmp.directory, ucoinj.inceptionYear, ucoinj.salt, ucoinj.cache.directory, ucoinj.version, ucoinj.site.url, ucoinj.i18n.directory, ucoinj.passwd, ucoinj.basedir, ucoinj.data.directory, ucoinj.organizationName]
2014-12-15 18:48:29,763  INFO io.ucoin.client.core.config.Configuration - Application basedir: /tmp/io.ucoin.client.core.service.WotServiceTest/_6369821008920
2014-12-15 18:48:29,764 DEBUG io.ucoin.client.core.TestResource - I18N directory: /tmp/io.ucoin.client.core.service.WotServiceTest/_6369821008920/data/i18n
2014-12-15 18:48:29,766  INFO io.ucoin.client.core.TestResource - Starts i18n with locale [fr] at [/tmp/io.ucoin.client.core.service.WotServiceTest/_6369821008920/data/i18n]
2014-12-15 18:48:29,777 DEBUG io.ucoin.client.core.service.WotService - Try to find user info by uid: cgeek
2014-12-15 18:48:29,779 DEBUG io.ucoin.client.core.service.AbstractService - Executing request : GET http://server.e-is.pro:9101/wot/lookup/cgeek HTTP/1.1
2014-12-15 18:48:29,804 DEBUG io.ucoin.client.core.service.AbstractService - Received response : HTTP/1.1 200 OK
2014-12-15 18:48:29,809 DEBUG io.ucoin.client.core.service.AbstractService - response: WotLookupResults[partial=false,results=[io.ucoin.client.core.model.WotLookupResult@3c22fc4c]]
2014-12-15 18:48:29,812 DEBUG io.ucoin.client.core.service.WotService - Try to find user info by uid: cgeek
2014-12-15 18:48:29,813 DEBUG io.ucoin.client.core.service.AbstractService - Executing request : GET http://server.e-is.pro:9101/wot/lookup/cgeek HTTP/1.1
2014-12-15 18:48:29,840 DEBUG io.ucoin.client.core.service.AbstractService - Received response : HTTP/1.1 200 OK
2014-12-15 18:48:29,842 DEBUG io.ucoin.client.core.service.AbstractService - response: WotLookupResults[partial=false,results=[io.ucoin.client.core.model.WotLookupResult@1184ab05]]
2014-12-17 11:38:19,168  INFO io.ucoin.client.core.TestResource - Prepare test class io.ucoin.client.core.service.WotServiceTest
2014-12-17 11:38:19,300 DEBUG io.ucoin.client.core.config.Configuration - Option that won't be saved: [ucoinj.tmp.directory, ucoinj.inceptionYear, ucoinj.salt, ucoinj.cache.directory, ucoinj.version, ucoinj.site.url, ucoinj.i18n.directory, ucoinj.passwd, ucoinj.basedir, ucoinj.data.directory, ucoinj.organizationName]
2014-12-17 11:38:19,342  INFO io.ucoin.client.core.config.Configuration - Application basedir: /tmp/io.ucoin.client.core.service.WotServiceTest/_84974579187259
2014-12-17 11:38:19,342 DEBUG io.ucoin.client.core.TestResource - I18N directory: /tmp/io.ucoin.client.core.service.WotServiceTest/_84974579187259/data/i18n
2014-12-17 11:38:19,343  INFO io.ucoin.client.core.TestResource - Starts i18n with locale [fr] at [/tmp/io.ucoin.client.core.service.WotServiceTest/_84974579187259/data/i18n]
2014-12-17 11:38:19,773 DEBUG io.ucoin.client.core.service.WotService - Try to find user info by uid: cgeek
2014-12-17 11:38:19,786 DEBUG io.ucoin.client.core.service.AbstractService - Executing request : GET http://server.e-is.pro:9101/wot/lookup/cgeek HTTP/1.1
2014-12-17 11:38:20,002 DEBUG io.ucoin.client.core.service.WotService - Try to find user info by uid: cgeek
2014-12-17 11:38:20,002 DEBUG io.ucoin.client.core.service.AbstractService - Executing request : GET http://server.e-is.pro:9101/wot/lookup/cgeek HTTP/1.1
2014-12-17 12:30:02,764  INFO io.ucoin.client.core.TestResource - Prepare test class io.ucoin.client.core.service.BlockchainServiceTest
2014-12-17 12:30:02,847 DEBUG io.ucoin.client.core.config.Configuration - Option that won't be saved: [ucoinj.tmp.directory, ucoinj.inceptionYear, ucoinj.salt, ucoinj.cache.directory, ucoinj.version, ucoinj.site.url, ucoinj.i18n.directory, ucoinj.passwd, ucoinj.basedir, ucoinj.data.directory, ucoinj.organizationName]
2014-12-17 12:30:02,866  INFO io.ucoin.client.core.config.Configuration - Application basedir: /tmp/io.ucoin.client.core.service.BlockchainServiceTest/_88078178873238
2014-12-17 12:30:02,866 DEBUG io.ucoin.client.core.TestResource - I18N directory: /tmp/io.ucoin.client.core.service.BlockchainServiceTest/_88078178873238/data/i18n
2014-12-17 12:30:02,867  INFO io.ucoin.client.core.TestResource - Starts i18n with locale [fr] at [/tmp/io.ucoin.client.core.service.BlockchainServiceTest/_88078178873238/data/i18n]
2014-12-17 12:30:03,186 DEBUG io.ucoin.client.core.service.AbstractService - Executing request : GET http://server.e-is.pro:9101/blockchain/parameters HTTP/1.1
2014-12-17 12:30:03,295 DEBUG io.ucoin.client.core.service.AbstractService - Received response : HTTP/1.1 200 OK
2014-12-17 12:30:03,317 DEBUG io.ucoin.client.core.service.AbstractService - response: BlockchainParameter[currency=zeta_brouzouf,c=0.01,dt=302400,ud0=100,sigDelay=5259600,sigValidity=2629800,sigQty=3,sigWoT=5,msValidity=2629800,stepMax=3,medianTimeBlocks=11,avgGenTime=600,dtDiffEval=10,blocksRot=20,percentRot=0.67]
2014-12-17 12:30:03,323 DEBUG io.ucoin.client.core.service.AbstractService - Executing request : GET http://server.e-is.pro:9101/blockchain/block/0 HTTP/1.1
2014-12-17 12:30:03,342 DEBUG io.ucoin.client.core.service.AbstractService - Received response : HTTP/1.1 200 OK
2014-12-17 12:30:03,347 DEBUG io.ucoin.client.core.service.AbstractService - response: BlockchainBlock[version=1,nonce=2125,date=<null>,confirmedDate=<null>,membersCount=4,currency=zeta_brouzouf,issuer=HnFcSms8jzwngtVomTTnzudZx7SHUQY8sVE1y8yBmULk,signature=APdqJHjEMA4dkqPCtpK6749vUBb0LbFl/WAJbCk0rqOmQB7RP+CoJv49KD2vJ6CWBK5l2IaYcuhjG287+IwiDQ==,hash=0009144C51F29979181ABCDDDAC8247DCA38EAB3,parameters=0.01:302400:100:5259600:2629800:3:5:2629800:3:11:600:10:20:0.67,previousHash=<null>,previousIssuer=<null>,dividend=<null>,identities=[uid=cgeek,pubkey=HnFcSms8jzwngtVomTTnzudZx7SHUQY8sVE1y8yBmULk,signatureh/H8tDIEbfA4yxMQcvfOXVDQhi1sUa9qYtPKrM59Bulv97ouwbAvAsEkC1Uyit1IOpeAV+CQQs4IaAyjE8F1Cw==, uid=inso,pubkey=8Fi1VSTbjkXguwThF4v2ZxC5whK7pwG2vcGTkPUPjPGU,signaturelAW4mCPqA3cnEubHAGpMXR0o8euEdDVeSLplRgdLPf8Bty7R7FqVqwoAlL/4q/7p3O57Cz9z3mvhRSNwt23qBw==, uid=vit,pubkey=RdrHvL179Rw62UuyBrqy2M1crx7RPajaViBatS59EGS,signatureAh55O8cvdkGS4at6AGOKUjy+wrFwAq8iKRJ5xLIb6Xdi3M8WfGOUdMjwZA6GlSkdtlMgEhQPm+r2PMebxKrCBg==, uid=ManUtopiK,pubkey=9fx25FmeBDJcikZLWxK5HuzKNbY6MaWYXoK1ajteE42Y,signatureZjlNz2k/7Y38xwzaVEtyteOD12ukRT+x8NBFVTrcZtUHSJdqt7ejBAC0ULu7eCTLlmJk0jS6cuJ3IeVTLfFRDg==],joiners=[uid=cgeek,pubkey=HnFcSms8jzwngtVomTTnzudZx7SHUQY8sVE1y8yBmULk,signaturedkaXIiCYUJtCg8Feh/BKvPYf4uFH9CJ/zY6J4MlA9BsjmcMe4YAblvNt/gJy31b1aGq3ue3h14mLMCu84rraDg==, uid=inso,pubkey=8Fi1VSTbjkXguwThF4v2ZxC5whK7pwG2vcGTkPUPjPGU,signature43FEO5wwKzo79k+WmZsrUDsNNceStYkrweEntwYGoGn9+YNjyyCbMmKcEU38xzMV2M0ZMgjvlTK30/vWwrD5CQ==, uid=vit,pubkey=RdrHvL179Rw62UuyBrqy2M1crx7RPajaViBatS59EGS,signaturezPg1kgjVstsaKDBq3Re6Z84hlw0Ja2pjJEORmn7w5ifT6/e45BnEPJaqoVgImzSnytjOpzXN/rhAO4+UDJOUBQ==, uid=ManUtopiK,pubkey=9fx25FmeBDJcikZLWxK5HuzKNbY6MaWYXoK1ajteE42Y,signatureox/t5um2bbFJfc6NdRDM8DniGxlRB5zmKuW7WK+MiDpE32GUhf/tDcyfBkIpwIFcaY0hqLYW1OQlgbm2qT6xAw==]]
2014-12-17 12:30:11,445  INFO io.ucoin.client.core.TestResource - Prepare test class io.ucoin.client.core.service.WotServiceTest
2014-12-17 12:30:11,537 DEBUG io.ucoin.client.core.config.Configuration - Option that won't be saved: [ucoinj.tmp.directory, ucoinj.inceptionYear, ucoinj.salt, ucoinj.cache.directory, ucoinj.version, ucoinj.site.url, ucoinj.i18n.directory, ucoinj.passwd, ucoinj.basedir, ucoinj.data.directory, ucoinj.organizationName]
2014-12-17 12:30:11,554  INFO io.ucoin.client.core.config.Configuration - Application basedir: /tmp/io.ucoin.client.core.service.WotServiceTest/_88086858887829
2014-12-17 12:30:11,555 DEBUG io.ucoin.client.core.TestResource - I18N directory: /tmp/io.ucoin.client.core.service.WotServiceTest/_88086858887829/data/i18n
2014-12-17 12:30:11,555  INFO io.ucoin.client.core.TestResource - Starts i18n with locale [fr] at [/tmp/io.ucoin.client.core.service.WotServiceTest/_88086858887829/data/i18n]
2014-12-17 12:30:11,853 DEBUG io.ucoin.client.core.service.WotService - Try to find user info by uid: cgeek
2014-12-17 12:30:11,865 DEBUG io.ucoin.client.core.service.AbstractService - Executing request : GET http://server.e-is.pro:9101/wot/lookup/cgeek HTTP/1.1
2014-12-17 12:30:11,985 DEBUG io.ucoin.client.core.service.AbstractService - Received response : HTTP/1.1 200 OK
2014-12-17 12:30:12,007 DEBUG io.ucoin.client.core.service.AbstractService - response: WotLookupResults[partial=false,results=[io.ucoin.client.core.model.WotLookupResult@6f3b5d16]]
2014-12-17 12:30:12,013 DEBUG io.ucoin.client.core.service.WotService - Try to find user info by uid: cgeek
2014-12-17 12:30:12,014 DEBUG io.ucoin.client.core.service.AbstractService - Executing request : GET http://server.e-is.pro:9101/wot/lookup/cgeek HTTP/1.1
2014-12-17 12:30:12,034 DEBUG io.ucoin.client.core.service.AbstractService - Received response : HTTP/1.1 200 OK
2014-12-17 12:30:12,036 DEBUG io.ucoin.client.core.service.AbstractService - response: WotLookupResults[partial=false,results=[io.ucoin.client.core.model.WotLookupResult@657c8ad9]]
2014-12-17 12:30:12,042 DEBUG io.ucoin.client.core.service.WotService - Try to get certifications done by uid: cgeek
2014-12-17 12:30:12,043 DEBUG io.ucoin.client.core.service.AbstractService - Executing request : GET http://server.e-is.pro:9101/wot/certified-by/cgeek HTTP/1.1
2014-12-17 12:30:12,077 DEBUG io.ucoin.client.core.service.AbstractService - Received response : HTTP/1.1 200 OK
2014-12-17 12:30:12,081 DEBUG io.ucoin.client.core.service.AbstractService - response: WotIdentityCertifications[certifications=[uid=vit,pubkey=RdrHvL179Rw62UuyBrqy2M1crx7RPajaViBatS59EGS,signatureQLaYgLndAqRIk2uRAuxxhNUEQtSLpPqpfKvGBfClpQV0y7YTm1GnEoX9bY3DPhXU8GjUThngkFR0+M4Fx5R6DQ==, uid=ManUtopiK,pubkey=9fx25FmeBDJcikZLWxK5HuzKNbY6MaWYXoK1ajteE42Y,signature28lv0p8EPHpVgAMiPvXvIe5lMvYJxwko2tv5bPO4voHRHSaDcTz5BR7Oe69S6wjANIEAMfebXiFMqZdj+mWRAA==, uid=inso,pubkey=8Fi1VSTbjkXguwThF4v2ZxC5whK7pwG2vcGTkPUPjPGU,signaturewIdLq6EYKSLoVXcXoSMLciBPMvJvvP1t5cTCIrvPH4qvo/y02al6vFfQR+wUGwFtoXulUSr8C+U1FRHWfUTCBg==, uid=galuel,pubkey=FewUBBasFDW3WgnYcYgXSsA8SjxCDeC9nCkpXSCpeCVg,signature0ZpVAiw/sc5xdSA09HCjR7z7OkkyxKqO29Mz3qxs5Jla1uPvroR+xHj4xsCWEA7A6KLO/uLhflxf4kK1SLcOCA==, uid=mhugo,pubkey=C711UtUcZzzHEcHeuGe8UzaXTAVoWsNpFKf23M1GtfGh,signaturejfm6QDSe2AddH56TShNYUAE/hEJeAA2nr5V40GuUikkiQH3OksoiE4HnjhrUU4UnFkIb+IHpddqSVxih+ZRYDQ==, uid=kimamila,pubkey=DiNaX8mP2xjrutkyS8H9KVuJcYD431WDcBcqSQNAsS2n,signature6296BmnrsEgxDGvXHUaSxvR/7Z5TWe8HN2QrBaBK5aTJySiWydqFRnRS/RzMjkmiNAgIql/PO0LRU6UL4v3DCQ==, uid=folatt,pubkey=4pDRn4BZqedUXQq2bvnrrJJeBhisZQjs9uq9BTMDQnaq,signature4OWZZZF/5/RQOxlNTVG4eAzAmcVU8DhH544Yo3WEK1bKVpmgz9jVHXKkAufeNq5Tg+al2cwwtVVSBtg5aPZSCA==],pubkey=HnFcSms8jzwngtVomTTnzudZx7SHUQY8sVE1y8yBmULk,signature=<null>,uid=cgeek]
2014-12-17 12:30:12,085 DEBUG io.ucoin.client.core.service.WotService - Try to get certifications done to uid: cgeek
2014-12-17 12:30:12,086 DEBUG io.ucoin.client.core.service.AbstractService - Executing request : GET http://server.e-is.pro:9101/wot/certifiers-of/cgeek HTTP/1.1
2014-12-17 12:30:12,118 DEBUG io.ucoin.client.core.service.AbstractService - Received response : HTTP/1.1 200 OK
2014-12-17 12:30:12,120 DEBUG io.ucoin.client.core.service.AbstractService - response: WotIdentityCertifications[certifications=[uid=kimamila,pubkey=DiNaX8mP2xjrutkyS8H9KVuJcYD431WDcBcqSQNAsS2n,signatureONjxBJx+pnDPl6EylCYEUjep8uE3coo3NL1W1BM800Z/G38MFXsx+NzuLxKJKEVGPyXill9VBKBw/j1pWLimBw==, uid=mhugo,pubkey=C711UtUcZzzHEcHeuGe8UzaXTAVoWsNpFKf23M1GtfGh,signaturekKYrrSjI6LezVPo9qrhXYcfw3ItgHNxvVvxxs0c9QdMzpT7Uzavcf//kSKdPTPCgG8AkD6BtucwTDFQ6mBZ5BQ==, uid=galuel,pubkey=FewUBBasFDW3WgnYcYgXSsA8SjxCDeC9nCkpXSCpeCVg,signatureil5lvICI3iMP5WofrvoyCLQXgZCdq7RQZoDhS2+dUxF0t2SoIhUahMKdj1DMBQnw6Azw+1JoBpVss9NqDsGYBQ==, uid=folatt,pubkey=4pDRn4BZqedUXQq2bvnrrJJeBhisZQjs9uq9BTMDQnaq,signature1t839cnjC4Q3bqdbmpv36bBHsJpanB7kQVOsSvqB4BEH0YHrbyG3JO61JP0eoM0q2CNK0Vj16EkxJ4LvUHRsAg==, uid=inso,pubkey=8Fi1VSTbjkXguwThF4v2ZxC5whK7pwG2vcGTkPUPjPGU,signatureTgmDuMxZdyutroj9jiLJA8tQp/389JIzDKuxW5+h7GIfjDu1ZbwI7HNm5rlUDhR2KreaV/QJjEaItT4Cf75rCQ==, uid=vit,pubkey=RdrHvL179Rw62UuyBrqy2M1crx7RPajaViBatS59EGS,signaturexvIlhFdTUwqWx7XIG980xatL0JULOj1Ex15Q9nDcDLVtyFXZZCp1ZeRewkGjkJoGyOFGCJ1iDSB/qFzsPtrsDQ==, uid=ManUtopiK,pubkey=9fx25FmeBDJcikZLWxK5HuzKNbY6MaWYXoK1ajteE42Y,signaturemNsbLvezg8Zx1NPfs2gdGwmCKtoVWbw64yEHZE7uPkDvF+iexk93O8IT06HKgo1VI5SennwDfh0qp3Ko1OB5BQ==],pubkey=HnFcSms8jzwngtVomTTnzudZx7SHUQY8sVE1y8yBmULk,signature=<null>,uid=cgeek]
